#
# There is insufficient memory for the Java Runtime Environment to continue.
# Native memory allocation (mmap) failed to map 93323264 bytes for committing reserved memory.
# Possible reasons:
#   The system is out of physical RAM or swap space
#   In 32 bit mode, the process size limit was hit
# Possible solutions:
#   Reduce memory load on the system
#   Increase physical memory or swap space
#   Check if swap backing store is full
#   Use 64 bit Java on a 64 bit OS
#   Decrease Java heap size (-Xmx/-Xms)
#   Decrease number of Java threads
#   Decrease Java thread stack sizes (-Xss)
#   Set larger code cache with -XX:ReservedCodeCacheSize=
# This output file may be truncated or incomplete.
#
#  Out of Memory Error (os_linux.cpp:2627), pid=9569, tid=0x00007f4d1718e700
#
# JRE version: Java(TM) SE Runtime Environment (8.0_101-b13) (build 1.8.0_101-b13)
# Java VM: Java HotSpot(TM) 64-Bit Server VM (25.101-b13 mixed mode linux-amd64 compressed oops)
# Failed to write core dump. Core dumps have been disabled. To enable core dumping, try "ulimit -c unlimited" before starting Java again
#

---------------  T H R E A D  ---------------

Current thread (0x00007f4d3c07a800):  VMThread [stack: 0x00007f4d1708e000,0x00007f4d1718f000] [id=9581]

Stack: [0x00007f4d1708e000,0x00007f4d1718f000],  sp=0x00007f4d1718d0a0,  free space=1020k
Native frames: (J=compiled Java code, j=interpreted, Vv=VM code, C=native code)
V  [libjvm.so+0xac3f0a]  VMError::report_and_die()+0x2ba
V  [libjvm.so+0x4fbf9b]  report_vm_out_of_memory(char const*, int, unsigned long, VMErrorType, char const*)+0x8b
V  [libjvm.so+0x9222d3]  os::Linux::commit_memory_impl(char*, unsigned long, bool)+0x103
V  [libjvm.so+0x922829]  os::pd_commit_memory(char*, unsigned long, unsigned long, bool)+0x29
V  [libjvm.so+0x91cb2a]  os::commit_memory(char*, unsigned long, unsigned long, bool)+0x2a
V  [libjvm.so+0x991053]  PSVirtualSpace::expand_by(unsigned long)+0x53
V  [libjvm.so+0x992458]  PSYoungGen::resize_generation(unsigned long, unsigned long)+0xf8
V  [libjvm.so+0x9915b2]  PSYoungGen::resize(unsigned long, unsigned long)+0x22
V  [libjvm.so+0x98e88b]  PSScavenge::invoke_no_policy()+0xf3b
V  [libjvm.so+0x98f011]  PSScavenge::invoke()+0x41
V  [libjvm.so+0x945fc0]  ParallelScavengeHeap::failed_mem_allocate(unsigned long)+0x70
V  [libjvm.so+0xac5927]  VM_ParallelGCFailedAllocation::doit()+0x97
V  [libjvm.so+0xacd405]  VM_Operation::evaluate()+0x55
V  [libjvm.so+0xacb7da]  VMThread::evaluate_operation(VM_Operation*)+0xba
V  [libjvm.so+0xacbb5e]  VMThread::loop()+0x1ce
V  [libjvm.so+0xacbfd0]  VMThread::run()+0x70
V  [libjvm.so+0x924698]  java_start(Thread*)+0x108

VM_Operation (0x00007f4d44891140): ParallelGCFailedAllocation, mode: safepoint, requested by thread 0x00007f4d3c00d000


---------------  P R O C E S S  ---------------

Java Threads: ( => current thread )
  0x00007f4d3c0cc000 JavaThread "Service Thread" daemon [_thread_blocked, id=9588, stack(0x00007f4d166ae000,0x00007f4d167af000)]
  0x00007f4d3c0c1000 JavaThread "C1 CompilerThread2" daemon [_thread_blocked, id=9587, stack(0x00007f4d167af000,0x00007f4d168b0000)]
  0x00007f4d3c0bf000 JavaThread "C2 CompilerThread1" daemon [_thread_blocked, id=9586, stack(0x00007f4d168b0000,0x00007f4d169b1000)]
  0x00007f4d3c0bc000 JavaThread "C2 CompilerThread0" daemon [_thread_blocked, id=9585, stack(0x00007f4d169b1000,0x00007f4d16ab2000)]
  0x00007f4d3c0ba800 JavaThread "Signal Dispatcher" daemon [_thread_blocked, id=9584, stack(0x00007f4d16ab2000,0x00007f4d16bb3000)]
  0x00007f4d3c087000 JavaThread "Finalizer" daemon [_thread_blocked, id=9583, stack(0x00007f4d16e8c000,0x00007f4d16f8d000)]
  0x00007f4d3c082800 JavaThread "Reference Handler" daemon [_thread_blocked, id=9582, stack(0x00007f4d16f8d000,0x00007f4d1708e000)]
  0x00007f4d3c00d000 JavaThread "main" [_thread_blocked, id=9574, stack(0x00007f4d44792000,0x00007f4d44893000)]

Other Threads:
=>0x00007f4d3c07a800 VMThread [stack: 0x00007f4d1708e000,0x00007f4d1718f000] [id=9581]
  0x00007f4d3c0ce800 WatcherThread [stack: 0x00007f4d165ad000,0x00007f4d166ae000] [id=9589]

VM state:at safepoint (normal execution)

VM Mutex/Monitor currently owned by a thread:  ([mutex/lock_event])
[0x00007f4d3c009210] Threads_lock - owner thread: 0x00007f4d3c07a800
[0x00007f4d3c009710] Heap_lock - owner thread: 0x00007f4d3c00d000

Heap:
 PSYoungGen      total 67584K, used 5093K [0x000000076ab00000, 0x000000076f200000, 0x00000007c0000000)
  eden space 62464K, 0% used [0x000000076ab00000,0x000000076ab00000,0x000000076e800000)
  from space 5120K, 99% used [0x000000076e800000,0x000000076ecf96e0,0x000000076ed00000)
  to   space 5120K, 0% used [0x000000076ed00000,0x000000076ed00000,0x000000076f200000)
 ParOldGen       total 83456K, used 27101K [0x00000006c0000000, 0x00000006c5180000, 0x000000076ab00000)
  object space 83456K, 32% used [0x00000006c0000000,0x00000006c1a774a0,0x00000006c5180000)
 Metaspace       used 4706K, capacity 5464K, committed 5760K, reserved 1056768K
  class space    used 497K, capacity 528K, committed 640K, reserved 1048576K

Card table byte_map: [0x00007f4d40d40000,0x00007f4d41541000] byte_map_base: 0x00007f4d3d740000

Marking Bits: (ParMarkBitMap*) 0x00007f4d43c69120
 Begin Bits: [0x00007f4d25000000, 0x00007f4d29000000)
 End Bits:   [0x00007f4d29000000, 0x00007f4d2d000000)

Polling page: 0x00007f4d448b8000

CodeCache: size=245760Kb used=3379Kb max_used=3379Kb free=242380Kb
 bounds [0x00007f4d2d000000, 0x00007f4d2d350000, 0x00007f4d3c000000]
 total_blobs=1311 nmethods=1037 adapters=188
 compilation: enabled

Compilation events (10 events):
Event: 1,939 Thread 0x00007f4d3c0c1000 nmethod 1062 0x00007f4d2d34c810 code [0x00007f4d2d34caa0, 0x00007f4d2d34e0d8]
Event: 1,939 Thread 0x00007f4d3c0c1000 1058       2       java.util.TimSort::pushRun (31 bytes)
Event: 1,943 Thread 0x00007f4d3c0c1000 nmethod 1058 0x00007f4d2d34ee50 code [0x00007f4d2d34efc0, 0x00007f4d2d34f170]
Event: 1,943 Thread 0x00007f4d3c0c1000 1060       2       java.util.TimSort::ensureCapacity (107 bytes)
Event: 1,943 Thread 0x00007f4d3c0c1000 nmethod 1060 0x00007f4d2d34f2d0 code [0x00007f4d2d34f440, 0x00007f4d2d34f6b8]
Event: 1,943 Thread 0x00007f4d3c0c1000 1063       1       com.android.dx.io.instructions.SparseSwitchPayloadDecodedInstruction::getKeys (5 bytes)
Event: 1,944 Thread 0x00007f4d3c0c1000 nmethod 1063 0x00007f4d2d340990 code [0x00007f4d2d340ae0, 0x00007f4d2d340bf0]
Event: 1,944 Thread 0x00007f4d3c0c1000 1064       1       com.android.dx.io.instructions.SparseSwitchPayloadDecodedInstruction::getTargets (5 bytes)
Event: 1,944 Thread 0x00007f4d3c0c1000 nmethod 1064 0x00007f4d2d34f810 code [0x00007f4d2d34f960, 0x00007f4d2d34fa70]
Event: 1,960 Thread 0x00007f4d3c0c1000 1066       2       com.android.dx.io.instructions.ShortArrayCodeInput::readLong (45 bytes)

GC Heap History (9 events):
Event: 0,895 GC heap before
{Heap before GC invocations=1 (full 0):
 PSYoungGen      total 36352K, used 24653K [0x000000076ab00000, 0x000000076d380000, 0x00000007c0000000)
  eden space 31232K, 78% used [0x000000076ab00000,0x000000076c313460,0x000000076c980000)
  from space 5120K, 0% used [0x000000076ce80000,0x000000076ce80000,0x000000076d380000)
  to   space 5120K, 0% used [0x000000076c980000,0x000000076c980000,0x000000076ce80000)
 ParOldGen       total 83456K, used 0K [0x00000006c0000000, 0x00000006c5180000, 0x000000076ab00000)
  object space 83456K, 0% used [0x00000006c0000000,0x00000006c0000000,0x00000006c5180000)
 Metaspace       used 3692K, capacity 4880K, committed 5120K, reserved 1056768K
  class space    used 395K, capacity 456K, committed 512K, reserved 1048576K
Event: 0,903 GC heap after
Heap after GC invocations=1 (full 0):
 PSYoungGen      total 36352K, used 5110K [0x000000076ab00000, 0x000000076d380000, 0x00000007c0000000)
  eden space 31232K, 0% used [0x000000076ab00000,0x000000076ab00000,0x000000076c980000)
  from space 5120K, 99% used [0x000000076c980000,0x000000076ce7dbd0,0x000000076ce80000)
  to   space 5120K, 0% used [0x000000076ce80000,0x000000076ce80000,0x000000076d380000)
 ParOldGen       total 83456K, used 2766K [0x00000006c0000000, 0x00000006c5180000, 0x000000076ab00000)
  object space 83456K, 3% used [0x00000006c0000000,0x00000006c02b3910,0x00000006c5180000)
 Metaspace       used 3692K, capacity 4880K, committed 5120K, reserved 1056768K
  class space    used 395K, capacity 456K, committed 512K, reserved 1048576K
}
Event: 1,149 GC heap before
{Heap before GC invocations=2 (full 0):
 PSYoungGen      total 36352K, used 36342K [0x000000076ab00000, 0x000000076d380000, 0x00000007c0000000)
  eden space 31232K, 100% used [0x000000076ab00000,0x000000076c980000,0x000000076c980000)
  from space 5120K, 99% used [0x000000076c980000,0x000000076ce7dbd0,0x000000076ce80000)
  to   space 5120K, 0% used [0x000000076ce80000,0x000000076ce80000,0x000000076d380000)
 ParOldGen       total 83456K, used 2766K [0x00000006c0000000, 0x00000006c5180000, 0x000000076ab00000)
  object space 83456K, 3% used [0x00000006c0000000,0x00000006c02b3910,0x00000006c5180000)
 Metaspace       used 3882K, capacity 5008K, committed 5120K, reserved 1056768K
  class space    used 411K, capacity 456K, committed 512K, reserved 1048576K
Event: 1,162 GC heap after
Heap after GC invocations=2 (full 0):
 PSYoungGen      total 36352K, used 5119K [0x000000076ab00000, 0x000000076f200000, 0x00000007c0000000)
  eden space 31232K, 0% used [0x000000076ab00000,0x000000076ab00000,0x000000076c980000)
  from space 5120K, 99% used [0x000000076ce80000,0x000000076d37ff88,0x000000076d380000)
  to   space 5120K, 0% used [0x000000076c980000,0x000000076c980000,0x000000076ce80000)
 ParOldGen       total 83456K, used 17872K [0x00000006c0000000, 0x00000006c5180000, 0x000000076ab00000)
  object space 83456K, 21% used [0x00000006c0000000,0x00000006c11742d8,0x00000006c5180000)
 Metaspace       used 3882K, capacity 5008K, committed 5120K, reserved 1056768K
  class space    used 411K, capacity 456K, committed 512K, reserved 1048576K
}
Event: 1,433 GC heap before
{Heap before GC invocations=3 (full 0):
 PSYoungGen      total 36352K, used 36351K [0x000000076ab00000, 0x000000076f200000, 0x00000007c0000000)
  eden space 31232K, 100% used [0x000000076ab00000,0x000000076c980000,0x000000076c980000)
  from space 5120K, 99% used [0x000000076ce80000,0x000000076d37ff88,0x000000076d380000)
  to   space 5120K, 0% used [0x000000076c980000,0x000000076c980000,0x000000076ce80000)
 ParOldGen       total 83456K, used 17872K [0x00000006c0000000, 0x00000006c5180000, 0x000000076ab00000)
  object space 83456K, 21% used [0x00000006c0000000,0x00000006c11742d8,0x00000006c5180000)
 Metaspace       used 4345K, capacity 5424K, committed 5632K, reserved 1056768K
  class space    used 460K, capacity 488K, committed 512K, reserved 1048576K
Event: 1,439 GC heap after
Heap after GC invocations=3 (full 0):
 PSYoungGen      total 36352K, used 5105K [0x000000076ab00000, 0x000000076f200000, 0x00000007c0000000)
  eden space 31232K, 0% used [0x000000076ab00000,0x000000076ab00000,0x000000076c980000)
  from space 5120K, 99% used [0x000000076c980000,0x000000076ce7c7e8,0x000000076ce80000)
  to   space 5120K, 0% used [0x000000076ed00000,0x000000076ed00000,0x000000076f200000)
 ParOldGen       total 83456K, used 19091K [0x00000006c0000000, 0x00000006c5180000, 0x000000076ab00000)
  object space 83456K, 22% used [0x00000006c0000000,0x00000006c12a4e58,0x00000006c5180000)
 Metaspace       used 4345K, capacity 5424K, committed 5632K, reserved 1056768K
  class space    used 460K, capacity 488K, committed 512K, reserved 1048576K
}
Event: 1,569 GC heap before
{Heap before GC invocations=4 (full 0):
 PSYoungGen      total 36352K, used 36337K [0x000000076ab00000, 0x000000076f200000, 0x00000007c0000000)
  eden space 31232K, 100% used [0x000000076ab00000,0x000000076c980000,0x000000076c980000)
  from space 5120K, 99% used [0x000000076c980000,0x000000076ce7c7e8,0x000000076ce80000)
  to   space 5120K, 0% used [0x000000076ed00000,0x000000076ed00000,0x000000076f200000)
 ParOldGen       total 83456K, used 19091K [0x00000006c0000000, 0x00000006c5180000, 0x000000076ab00000)
  object space 83456K, 22% used [0x00000006c0000000,0x00000006c12a4e58,0x00000006c5180000)
 Metaspace       used 4372K, capacity 5424K, committed 5632K, reserved 1056768K
  class space    used 460K, capacity 488K, committed 512K, reserved 1048576K
Event: 1,576 GC heap after
Heap after GC invocations=4 (full 0):
 PSYoungGen      total 67584K, used 5103K [0x000000076ab00000, 0x000000076f200000, 0x00000007c0000000)
  eden space 62464K, 0% used [0x000000076ab00000,0x000000076ab00000,0x000000076e800000)
  from space 5120K, 99% used [0x000000076ed00000,0x000000076f1fbee0,0x000000076f200000)
  to   space 5120K, 0% used [0x000000076e800000,0x000000076e800000,0x000000076ed00000)
 ParOldGen       total 83456K, used 21316K [0x00000006c0000000, 0x00000006c5180000, 0x000000076ab00000)
  object space 83456K, 25% used [0x00000006c0000000,0x00000006c14d11c0,0x00000006c5180000)
 Metaspace       used 4372K, capacity 5424K, committed 5632K, reserved 1056768K
  class space    used 460K, capacity 488K, committed 512K, reserved 1048576K
}
Event: 1,960 GC heap before
{Heap before GC invocations=5 (full 0):
 PSYoungGen      total 67584K, used 67567K [0x000000076ab00000, 0x000000076f200000, 0x00000007c0000000)
  eden space 62464K, 100% used [0x000000076ab00000,0x000000076e800000,0x000000076e800000)
  from space 5120K, 99% used [0x000000076ed00000,0x000000076f1fbee0,0x000000076f200000)
  to   space 5120K, 0% used [0x000000076e800000,0x000000076e800000,0x000000076ed00000)
 ParOldGen       total 83456K, used 21316K [0x00000006c0000000, 0x00000006c5180000, 0x000000076ab00000)
  object space 83456K, 25% used [0x00000006c0000000,0x00000006c14d11c0,0x00000006c5180000)
 Metaspace       used 4706K, capacity 5464K, committed 5760K, reserved 1056768K
  class space    used 497K, capacity 528K, committed 640K, reserved 1048576K

Deoptimization events (10 events):
Event: 1,250 Thread 0x00007f4d3c00d000 Uncommon trap: reason=class_check action=maybe_recompile pc=0x00007f4d2d20dfb8 method=com.android.dx.merge.DexMerger$IdMerger$UnsortedValue.compareTo(Lcom/android/dx/merge/DexMerger$IdMerger$UnsortedValue;)I @ 8
Event: 1,294 Thread 0x00007f4d3c00d000 Uncommon trap: reason=unstable_if action=reinterpret pc=0x00007f4d2d27e918 method=java.util.HashMap.putVal(ILjava/lang/Object;Ljava/lang/Object;ZZ)Ljava/lang/Object; @ 109
Event: 1,296 Thread 0x00007f4d3c00d000 Uncommon trap: reason=unstable_if action=reinterpret pc=0x00007f4d2d265464 method=com.android.dex.EncodedValueCodec.readUnsignedInt(Lcom/android/dex/util/ByteInput;IZ)I @ 3
Event: 1,356 Thread 0x00007f4d3c00d000 Uncommon trap: reason=unstable_if action=reinterpret pc=0x00007f4d2d210618 method=com.android.dx.merge.IndexMap.adjustString(I)I @ 2
Event: 1,375 Thread 0x00007f4d3c00d000 Uncommon trap: reason=unstable_if action=reinterpret pc=0x00007f4d2d22de18 method=java.util.HashMap.getNode(ILjava/lang/Object;)Ljava/util/HashMap$Node; @ 84
Event: 1,388 Thread 0x00007f4d3c00d000 Uncommon trap: reason=unstable_if action=reinterpret pc=0x00007f4d2d2306c8 method=java.util.HashMap.getNode(ILjava/lang/Object;)Ljava/util/HashMap$Node; @ 84
Event: 1,645 Thread 0x00007f4d3c00d000 Uncommon trap: reason=unstable_if action=reinterpret pc=0x00007f4d2d20cc74 method=java.util.Arrays.copyOf([Ljava/lang/Object;ILjava/lang/Class;)[Ljava/lang/Object; @ 3
Event: 1,648 Thread 0x00007f4d3c00d000 Uncommon trap: reason=unstable_if action=reinterpret pc=0x00007f4d2d16b770 method=java.lang.String.replace(CC)Ljava/lang/String; @ 2
Event: 1,650 Thread 0x00007f4d3c00d000 Uncommon trap: reason=unstable_if action=reinterpret pc=0x00007f4d2d1423c0 method=java.lang.String.indexOf(II)I @ 49
Event: 1,847 Thread 0x00007f4d3c00d000 Uncommon trap: reason=unstable_if action=reinterpret pc=0x00007f4d2d224fdc method=com.android.dx.merge.DexMerger$IdMerger.readIntoMap(Lcom/android/dex/Dex$Section;Lcom/android/dex/TableOfContents$Section;Lcom/android/dx/merge/IndexMap;ILjava/util/TreeMap;

Internal exceptions (3 events):
Event: 0,422 Thread 0x00007f4d3c00d000 Exception <a 'java/lang/NoSuchMethodError': Method sun.misc.Unsafe.defineClass(Ljava/lang/String;[BII)Ljava/lang/Class; name or signature does not match> (0x000000076ab07cc0) thrown at [/HUDSON3/workspace/8-2-build-linux-amd64/jdk8u101/7261/hotspot/src/sh
Event: 0,422 Thread 0x00007f4d3c00d000 Exception <a 'java/lang/NoSuchMethodError': Method sun.misc.Unsafe.prefetchRead(Ljava/lang/Object;J)V name or signature does not match> (0x000000076ab07fa8) thrown at [/HUDSON3/workspace/8-2-build-linux-amd64/jdk8u101/7261/hotspot/src/share/vm/prims/jni.c
Event: 1,847 Thread 0x00007f4d3c00d000 Implicit null exception at 0x00007f4d2d224112 to 0x00007f4d2d224fb9

Events (10 events):
Event: 1,948 Thread 0x00007f4d3c00d000 DEOPT UNPACKING pc=0x00007f4d2d047633 sp=0x00007f4d44890fe8 mode 0
Event: 1,950 Thread 0x00007f4d3c00d000 DEOPT PACKING pc=0x00007f4d2d2cefb1 sp=0x00007f4d448912d0
Event: 1,950 Thread 0x00007f4d3c00d000 DEOPT UNPACKING pc=0x00007f4d2d047633 sp=0x00007f4d44890fe8 mode 0
Event: 1,953 Thread 0x00007f4d3c00d000 DEOPT PACKING pc=0x00007f4d2d2cefb1 sp=0x00007f4d448912d0
Event: 1,953 Thread 0x00007f4d3c00d000 DEOPT UNPACKING pc=0x00007f4d2d047633 sp=0x00007f4d44890fe8 mode 0
Event: 1,955 Thread 0x00007f4d3c00d000 DEOPT PACKING pc=0x00007f4d2d2cefb1 sp=0x00007f4d448912d0
Event: 1,955 Thread 0x00007f4d3c00d000 DEOPT UNPACKING pc=0x00007f4d2d047633 sp=0x00007f4d44890fe8 mode 0
Event: 1,958 Thread 0x00007f4d3c00d000 DEOPT PACKING pc=0x00007f4d2d2cefb1 sp=0x00007f4d448912d0
Event: 1,958 Thread 0x00007f4d3c00d000 DEOPT UNPACKING pc=0x00007f4d2d047633 sp=0x00007f4d44890fe8 mode 0
Event: 1,960 Executing VM operation: ParallelGCFailedAllocation


Dynamic libraries:
00400000-00401000 r-xp 00000000 08:01 17138                              /usr/lib/jvm/java-8-oracle/bin/java
00600000-00601000 rw-p 00000000 08:01 17138                              /usr/lib/jvm/java-8-oracle/bin/java
0202b000-0204c000 rw-p 00000000 00:00 0                                  [heap]
6c0000000-6c5180000 rw-p 00000000 00:00 0 
6c5180000-76ab00000 ---p 00000000 00:00 0 
76ab00000-76f200000 rw-p 00000000 00:00 0 
774b00000-7c0000000 ---p 00000000 00:00 0 
7c0000000-7c00a0000 rw-p 00000000 00:00 0 
7c00a0000-800000000 ---p 00000000 00:00 0 
7f4ce8000000-7f4ce8021000 rw-p 00000000 00:00 0 
7f4ce8021000-7f4cec000000 ---p 00000000 00:00 0 
7f4cf0000000-7f4cf04d4000 rw-p 00000000 00:00 0 
7f4cf04d4000-7f4cf4000000 ---p 00000000 00:00 0 
7f4cf4000000-7f4cf4021000 rw-p 00000000 00:00 0 
7f4cf4021000-7f4cf8000000 ---p 00000000 00:00 0 
7f4cf8000000-7f4cf8fac000 rw-p 00000000 00:00 0 
7f4cf8fac000-7f4cfc000000 ---p 00000000 00:00 0 
7f4cfc000000-7f4cfc981000 rw-p 00000000 00:00 0 
7f4cfc981000-7f4d00000000 ---p 00000000 00:00 0 
7f4d00000000-7f4d00021000 rw-p 00000000 00:00 0 
7f4d00021000-7f4d04000000 ---p 00000000 00:00 0 
7f4d04000000-7f4d04021000 rw-p 00000000 00:00 0 
7f4d04021000-7f4d08000000 ---p 00000000 00:00 0 
7f4d08000000-7f4d08296000 rw-p 00000000 00:00 0 
7f4d08296000-7f4d0c000000 ---p 00000000 00:00 0 
7f4d0c000000-7f4d0c021000 rw-p 00000000 00:00 0 
7f4d0c021000-7f4d10000000 ---p 00000000 00:00 0 
7f4d10000000-7f4d10021000 rw-p 00000000 00:00 0 
7f4d10021000-7f4d14000000 ---p 00000000 00:00 0 
7f4d165ad000-7f4d165ae000 ---p 00000000 00:00 0 
7f4d165ae000-7f4d166ae000 rw-p 00000000 00:00 0 
7f4d166ae000-7f4d166b1000 ---p 00000000 00:00 0 
7f4d166b1000-7f4d167af000 rw-p 00000000 00:00 0 
7f4d167af000-7f4d167b2000 ---p 00000000 00:00 0 
7f4d167b2000-7f4d168b0000 rw-p 00000000 00:00 0 
7f4d168b0000-7f4d168b3000 ---p 00000000 00:00 0 
7f4d168b3000-7f4d169b1000 rw-p 00000000 00:00 0 
7f4d169b1000-7f4d169b4000 ---p 00000000 00:00 0 
7f4d169b4000-7f4d16ab2000 rw-p 00000000 00:00 0 
7f4d16ab2000-7f4d16ab5000 ---p 00000000 00:00 0 
7f4d16ab5000-7f4d16bb3000 rw-p 00000000 00:00 0 
7f4d16bb3000-7f4d16e8c000 r--p 00000000 08:01 1734                       /usr/lib/locale/locale-archive
7f4d16e8c000-7f4d16e8f000 ---p 00000000 00:00 0 
7f4d16e8f000-7f4d16f8d000 rw-p 00000000 00:00 0 
7f4d16f8d000-7f4d16f90000 ---p 00000000 00:00 0 
7f4d16f90000-7f4d1708e000 rw-p 00000000 00:00 0 
7f4d1708e000-7f4d1708f000 ---p 00000000 00:00 0 
7f4d1708f000-7f4d18000000 rw-p 00000000 00:00 0 
7f4d18000000-7f4d18021000 rw-p 00000000 00:00 0 
7f4d18021000-7f4d1c000000 ---p 00000000 00:00 0 
7f4d1c000000-7f4d1c021000 rw-p 00000000 00:00 0 
7f4d1c021000-7f4d20000000 ---p 00000000 00:00 0 
7f4d20000000-7f4d20021000 rw-p 00000000 00:00 0 
7f4d20021000-7f4d24000000 ---p 00000000 00:00 0 
7f4d24000000-7f4d24500000 rw-p 00000000 00:00 0 
7f4d24500000-7f4d24800000 ---p 00000000 00:00 0 
7f4d24800000-7f4d2d000000 rw-p 00000000 00:00 0 
7f4d2d000000-7f4d2d350000 rwxp 00000000 00:00 0 
7f4d2d350000-7f4d3c000000 ---p 00000000 00:00 0 
7f4d3c000000-7f4d3c3f7000 rw-p 00000000 00:00 0 
7f4d3c3f7000-7f4d40000000 ---p 00000000 00:00 0 
7f4d40005000-7f4d40197000 rw-p 00000000 00:00 0 
7f4d40197000-7f4d40370000 r--s 03d29000 08:01 17281                      /usr/lib/jvm/java-8-oracle/jre/lib/rt.jar
7f4d40370000-7f4d403e6000 rw-p 00000000 00:00 0 
7f4d403e6000-7f4d403e7000 ---p 00000000 00:00 0 
7f4d403e7000-7f4d404e7000 rw-p 00000000 00:00 0 
7f4d404e7000-7f4d404e8000 ---p 00000000 00:00 0 
7f4d404e8000-7f4d405e8000 rw-p 00000000 00:00 0 
7f4d405e8000-7f4d405e9000 ---p 00000000 00:00 0 
7f4d405e9000-7f4d406e9000 rw-p 00000000 00:00 0 
7f4d406e9000-7f4d406ea000 ---p 00000000 00:00 0 
7f4d406ea000-7f4d40813000 rw-p 00000000 00:00 0 
7f4d40813000-7f4d40d40000 ---p 00000000 00:00 0 
7f4d40d40000-7f4d40d69000 rw-p 00000000 00:00 0 
7f4d40d69000-7f4d41295000 ---p 00000000 00:00 0 
7f4d41295000-7f4d412b9000 rw-p 00000000 00:00 0 
7f4d412b9000-7f4d41540000 ---p 00000000 00:00 0 
7f4d41540000-7f4d4154f000 rw-p 00000000 00:00 0 
7f4d4154f000-7f4d41901000 ---p 00000000 00:00 0 
7f4d41901000-7f4d4191b000 r-xp 00000000 08:01 17310                      /usr/lib/jvm/java-8-oracle/jre/lib/amd64/libzip.so
7f4d4191b000-7f4d41b1b000 ---p 0001a000 08:01 17310                      /usr/lib/jvm/java-8-oracle/jre/lib/amd64/libzip.so
7f4d41b1b000-7f4d41b1c000 rw-p 0001a000 08:01 17310                      /usr/lib/jvm/java-8-oracle/jre/lib/amd64/libzip.so
7f4d41b1c000-7f4d41b27000 r-xp 00000000 08:01 397701                     /lib/x86_64-linux-gnu/libnss_files-2.23.so
7f4d41b27000-7f4d41d26000 ---p 0000b000 08:01 397701                     /lib/x86_64-linux-gnu/libnss_files-2.23.so
7f4d41d26000-7f4d41d27000 r--p 0000a000 08:01 397701                     /lib/x86_64-linux-gnu/libnss_files-2.23.so
7f4d41d27000-7f4d41d28000 rw-p 0000b000 08:01 397701                     /lib/x86_64-linux-gnu/libnss_files-2.23.so
7f4d41d28000-7f4d41d2e000 rw-p 00000000 00:00 0 
7f4d41d2e000-7f4d41d39000 r-xp 00000000 08:01 397637                     /lib/x86_64-linux-gnu/libnss_nis-2.23.so
7f4d41d39000-7f4d41f38000 ---p 0000b000 08:01 397637                     /lib/x86_64-linux-gnu/libnss_nis-2.23.so
7f4d41f38000-7f4d41f39000 r--p 0000a000 08:01 397637                     /lib/x86_64-linux-gnu/libnss_nis-2.23.so
7f4d41f39000-7f4d41f3a000 rw-p 0000b000 08:01 397637                     /lib/x86_64-linux-gnu/libnss_nis-2.23.so
7f4d41f3a000-7f4d41f50000 r-xp 00000000 08:01 397683                     /lib/x86_64-linux-gnu/libnsl-2.23.so
7f4d41f50000-7f4d4214f000 ---p 00016000 08:01 397683                     /lib/x86_64-linux-gnu/libnsl-2.23.so
7f4d4214f000-7f4d42150000 r--p 00015000 08:01 397683                     /lib/x86_64-linux-gnu/libnsl-2.23.so
7f4d42150000-7f4d42151000 rw-p 00016000 08:01 397683                     /lib/x86_64-linux-gnu/libnsl-2.23.so
7f4d42151000-7f4d42153000 rw-p 00000000 00:00 0 
7f4d42153000-7f4d4215b000 r-xp 00000000 08:01 397686                     /lib/x86_64-linux-gnu/libnss_compat-2.23.so
7f4d4215b000-7f4d4235a000 ---p 00008000 08:01 397686                     /lib/x86_64-linux-gnu/libnss_compat-2.23.so
7f4d4235a000-7f4d4235b000 r--p 00007000 08:01 397686                     /lib/x86_64-linux-gnu/libnss_compat-2.23.so
7f4d4235b000-7f4d4235c000 rw-p 00008000 08:01 397686                     /lib/x86_64-linux-gnu/libnss_compat-2.23.so
7f4d4235c000-7f4d42386000 r-xp 00000000 08:01 17336                      /usr/lib/jvm/java-8-oracle/jre/lib/amd64/libjava.so
7f4d42386000-7f4d42586000 ---p 0002a000 08:01 17336                      /usr/lib/jvm/java-8-oracle/jre/lib/amd64/libjava.so
7f4d42586000-7f4d42588000 rw-p 0002a000 08:01 17336                      /usr/lib/jvm/java-8-oracle/jre/lib/amd64/libjava.so
7f4d42588000-7f4d42595000 r-xp 00000000 08:01 17290                      /usr/lib/jvm/java-8-oracle/jre/lib/amd64/libverify.so
7f4d42595000-7f4d42795000 ---p 0000d000 08:01 17290                      /usr/lib/jvm/java-8-oracle/jre/lib/amd64/libverify.so
7f4d42795000-7f4d42797000 rw-p 0000d000 08:01 17290                      /usr/lib/jvm/java-8-oracle/jre/lib/amd64/libverify.so
7f4d42797000-7f4d4279e000 r-xp 00000000 08:01 397634                     /lib/x86_64-linux-gnu/librt-2.23.so
7f4d4279e000-7f4d4299d000 ---p 00007000 08:01 397634                     /lib/x86_64-linux-gnu/librt-2.23.so
7f4d4299d000-7f4d4299e000 r--p 00006000 08:01 397634                     /lib/x86_64-linux-gnu/librt-2.23.so
7f4d4299e000-7f4d4299f000 rw-p 00007000 08:01 397634                     /lib/x86_64-linux-gnu/librt-2.23.so
7f4d4299f000-7f4d42aa7000 r-xp 00000000 08:01 397679                     /lib/x86_64-linux-gnu/libm-2.23.so
7f4d42aa7000-7f4d42ca6000 ---p 00108000 08:01 397679                     /lib/x86_64-linux-gnu/libm-2.23.so
7f4d42ca6000-7f4d42ca7000 r--p 00107000 08:01 397679                     /lib/x86_64-linux-gnu/libm-2.23.so
7f4d42ca7000-7f4d42ca8000 rw-p 00108000 08:01 397679                     /lib/x86_64-linux-gnu/libm-2.23.so
7f4d42ca8000-7f4d43973000 r-xp 00000000 08:01 17340                      /usr/lib/jvm/java-8-oracle/jre/lib/amd64/server/libjvm.so
7f4d43973000-7f4d43b72000 ---p 00ccb000 08:01 17340                      /usr/lib/jvm/java-8-oracle/jre/lib/amd64/server/libjvm.so
7f4d43b72000-7f4d43c4b000 rw-p 00cca000 08:01 17340                      /usr/lib/jvm/java-8-oracle/jre/lib/amd64/server/libjvm.so
7f4d43c4b000-7f4d43c96000 rw-p 00000000 00:00 0 
7f4d43c96000-7f4d43e55000 r-xp 00000000 08:01 397661                     /lib/x86_64-linux-gnu/libc-2.23.so
7f4d43e55000-7f4d44055000 ---p 001bf000 08:01 397661                     /lib/x86_64-linux-gnu/libc-2.23.so
7f4d44055000-7f4d44059000 r--p 001bf000 08:01 397661                     /lib/x86_64-linux-gnu/libc-2.23.so
7f4d44059000-7f4d4405b000 rw-p 001c3000 08:01 397661                     /lib/x86_64-linux-gnu/libc-2.23.so
7f4d4405b000-7f4d4405f000 rw-p 00000000 00:00 0 
7f4d4405f000-7f4d44062000 r-xp 00000000 08:01 397660                     /lib/x86_64-linux-gnu/libdl-2.23.so
7f4d44062000-7f4d44261000 ---p 00003000 08:01 397660                     /lib/x86_64-linux-gnu/libdl-2.23.so
7f4d44261000-7f4d44262000 r--p 00002000 08:01 397660                     /lib/x86_64-linux-gnu/libdl-2.23.so
7f4d44262000-7f4d44263000 rw-p 00003000 08:01 397660                     /lib/x86_64-linux-gnu/libdl-2.23.so
7f4d44263000-7f4d44278000 r-xp 00000000 08:01 17615                      /usr/lib/jvm/java-8-oracle/lib/amd64/jli/libjli.so
7f4d44278000-7f4d44478000 ---p 00015000 08:01 17615                      /usr/lib/jvm/java-8-oracle/lib/amd64/jli/libjli.so
7f4d44478000-7f4d44479000 rw-p 00015000 08:01 17615                      /usr/lib/jvm/java-8-oracle/lib/amd64/jli/libjli.so
7f4d44479000-7f4d44491000 r-xp 00000000 08:01 397682                     /lib/x86_64-linux-gnu/libpthread-2.23.so
7f4d44491000-7f4d44690000 ---p 00018000 08:01 397682                     /lib/x86_64-linux-gnu/libpthread-2.23.so
7f4d44690000-7f4d44691000 r--p 00017000 08:01 397682                     /lib/x86_64-linux-gnu/libpthread-2.23.so
7f4d44691000-7f4d44692000 rw-p 00018000 08:01 397682                     /lib/x86_64-linux-gnu/libpthread-2.23.so
7f4d44692000-7f4d44696000 rw-p 00000000 00:00 0 
7f4d44696000-7f4d446bc000 r-xp 00000000 08:01 397623                     /lib/x86_64-linux-gnu/ld-2.23.so
7f4d446bf000-7f4d44792000 rw-p 00000000 00:00 0 
7f4d44792000-7f4d44795000 ---p 00000000 00:00 0 
7f4d44795000-7f4d44897000 rw-p 00000000 00:00 0 
7f4d4489d000-7f4d448a1000 r--s 00097000 08:01 17233                      /usr/lib/jvm/java-8-oracle/jre/lib/jsse.jar
7f4d448a1000-7f4d448af000 r--s 000e0000 08:13 461656                     /home/mirza/Android/Sdk/build-tools/25.0.3/lib/dx.jar
7f4d448af000-7f4d448b7000 rw-s 00000000 08:01 152303                     /tmp/hsperfdata_mirza/9569
7f4d448b7000-7f4d448b8000 rw-p 00000000 00:00 0 
7f4d448b8000-7f4d448b9000 ---p 00000000 00:00 0 
7f4d448b9000-7f4d448bb000 rw-p 00000000 00:00 0 
7f4d448bb000-7f4d448bc000 r--p 00025000 08:01 397623                     /lib/x86_64-linux-gnu/ld-2.23.so
7f4d448bc000-7f4d448bd000 rw-p 00026000 08:01 397623                     /lib/x86_64-linux-gnu/ld-2.23.so
7f4d448bd000-7f4d448be000 rw-p 00000000 00:00 0 
7ffc5adf0000-7ffc5ae13000 rw-p 00000000 00:00 0                          [stack]
7ffc5ae19000-7ffc5ae1b000 r--p 00000000 00:00 0                          [vvar]
7ffc5ae1b000-7ffc5ae1d000 r-xp 00000000 00:00 0                          [vdso]
ffffffffff600000-ffffffffff601000 r-xp 00000000 00:00 0                  [vsyscall]

VM Arguments:
jvm_args: -Djava.awt.headless=true -Xmx4g -Dfile.encoding=UTF-8 -Duser.country=US -Duser.language=en -Duser.variant 
java_command: com.android.dx.command.Main --dex --num-threads=4 --output /home/mirza/Downloads/BukaLelang/app/build/intermediates/transforms/dex/debug/folders/1000/1f/main /home/mirza/Downloads/BukaLelang/app/build/intermediates/pre-dexed/debug/socket.io-client-0.8.3_97ea763f9176574aa8e4b329040839f0b98be651.jar /home/mirza/Downloads/BukaLelang/app/build/intermediates/pre-dexed/debug/classes_652b7cabd253afcddf82cc373991323f461723df.jar /home/mirza/Downloads/BukaLelang/app/build/intermediates/pre-dexed/debug/classes_264b527dd5a5afa03bdc2d4649199d7ac0624c1a.jar /home/mirza/Downloads/BukaLelang/app/build/intermediates/pre-dexed/debug/butterknife-annotations-8.0.1_84f7837212ff97bd263d48ea64a391bc3f1aa914.jar /home/mirza/Downloads/BukaLelang/app/build/intermediates/pre-dexed/debug/retrofit-2.2.0_84396e4c85cb0d134c6e59bfea421bc0100bbbdb.jar /home/mirza/Downloads/BukaLelang/app/build/intermediates/pre-dexed/debug/classes_52d7276dc63fae3eef5fec442e00d8cef9748d74.jar /home/mirza/Downloads/BukaLelang/app/build/intermediates/pre-dexed/debug/okio-1.13.0_ab9f03a575181559a0d4709d13d6b1ddce6cc95e.jar /home/mirza/Downloads/BukaLelang/app/build/intermediates/pre-dexed/debug/classes_977c240d1fedf828c3097560611bac476ab6a0da.jar /home/mirza/Downloads/BukaLelang/app/build/intermediates/pre-dexed/debug/classes_74586b241fb9a526c4d2b36a6c85116df1ce635b.jar /home/mirza/Downloads/BukaLelang/app/build/intermediates/pre-dexed/debug/classes_85af63a2522f85502c28bbf2db469ebcd90aec53.jar /home/mirza/Downloads/BukaLelang/app/build/intermediates/pre-dexed/debug/classes_47fb6760ebf8339170c0beba3a217c2dc9809114.jar /home/mirza/Downloads/BukaLelang/app/build/intermediates/pre-dexed/debug/gson-2.6.1_2b531a13d4a830399d50cdf241977d011dd626ad.jar /home/mirza/Downloads/BukaLelang/app/build/intermediates/pre-dexed/debug/classes_554196145c0cc2bd5bbe1df300556de30050485e.jar /home/mirza/Downloads/BukaLelang/app/build/intermediates/pre-dexed/debug/classes_383d011dcc24151571cfcc53b7f221e2781addcb.jar /home/mirza
java_class_path (initial): /home/mirza/Android/Sdk/build-tools/25.0.3/lib/dx.jar
Launcher Type: SUN_STANDARD

Environment Variables:
JAVA_HOME=/usr/lib/jvm/java-8-oracle
PATH=/usr/local/sbin:/usr/local/bin:/usr/sbin:/usr/bin:/sbin:/bin:/usr/games:/usr/local/games:/snap/bin
LD_LIBRARY_PATH=.:
SHELL=/bin/bash
DISPLAY=:0.0

Signal Handlers:
SIGSEGV: [libjvm.so+0xac4790], sa_mask[0]=11111111011111111101111111111110, sa_flags=SA_RESTART|SA_SIGINFO
SIGBUS: [libjvm.so+0xac4790], sa_mask[0]=11111111011111111101111111111110, sa_flags=SA_RESTART|SA_SIGINFO
SIGFPE: [libjvm.so+0x91f140], sa_mask[0]=11111111011111111101111111111110, sa_flags=SA_RESTART|SA_SIGINFO
SIGPIPE: [libjvm.so+0x91f140], sa_mask[0]=11111111011111111101111111111110, sa_flags=SA_RESTART|SA_SIGINFO
SIGXFSZ: [libjvm.so+0x91f140], sa_mask[0]=11111111011111111101111111111110, sa_flags=SA_RESTART|SA_SIGINFO
SIGILL: [libjvm.so+0x91f140], sa_mask[0]=11111111011111111101111111111110, sa_flags=SA_RESTART|SA_SIGINFO
SIGUSR1: SIG_DFL, sa_mask[0]=00000000000000000000000000000000, sa_flags=none
SIGUSR2: [libjvm.so+0x920770], sa_mask[0]=00100000000000000000000000000000, sa_flags=SA_RESTART|SA_SIGINFO
SIGHUP: [libjvm.so+0x921b70], sa_mask[0]=11111111011111111101111111111110, sa_flags=SA_RESTART|SA_SIGINFO
SIGINT: [libjvm.so+0x921b70], sa_mask[0]=11111111011111111101111111111110, sa_flags=SA_RESTART|SA_SIGINFO
SIGTERM: [libjvm.so+0x921b70], sa_mask[0]=11111111011111111101111111111110, sa_flags=SA_RESTART|SA_SIGINFO
SIGQUIT: [libjvm.so+0x921b70], sa_mask[0]=11111111011111111101111111111110, sa_flags=SA_RESTART|SA_SIGINFO


---------------  S Y S T E M  ---------------

OS:DISTRIB_ID=TeaLinuxOS
DISTRIB_RELEASE=8.0
DISTRIB_CODENAME=peppermint
DISTRIB_DESCRIPTION="TeaLinuxOS 8.0 peppermint"

uname:Linux 4.4.0-21-generic #37-Ubuntu SMP Mon Apr 18 18:33:37 UTC 2016 x86_64
libc:glibc 2.23 NPTL 2.23 
rlimit: STACK 8192k, CORE 0k, NPROC 30875, NOFILE 65536, AS infinity
load average:1,51 1,10 0,97

/proc/meminfo:
MemTotal:        7945480 kB
MemFree:           51548 kB
MemAvailable:      97076 kB
Buffers:            1416 kB
Cached:           631880 kB
SwapCached:            0 kB
Active:          7073200 kB
Inactive:         584620 kB
Active(anon):    7058720 kB
Inactive(anon):   567160 kB
Active(file):      14480 kB
Inactive(file):    17460 kB
Unevictable:         208 kB
Mlocked:             208 kB
SwapTotal:             0 kB
SwapFree:              0 kB
Dirty:              1016 kB
Writeback:             0 kB
AnonPages:       7025900 kB
Mapped:           472568 kB
Shmem:            600280 kB
Slab:              98432 kB
SReclaimable:      55552 kB
SUnreclaim:        42880 kB
KernelStack:       14144 kB
PageTables:        58448 kB
NFS_Unstable:          0 kB
Bounce:                0 kB
WritebackTmp:          0 kB
CommitLimit:     3972740 kB
Committed_AS:   12534040 kB
VmallocTotal:   34359738367 kB
VmallocUsed:           0 kB
VmallocChunk:          0 kB
HardwareCorrupted:     0 kB
AnonHugePages:   4251648 kB
CmaTotal:              0 kB
CmaFree:               0 kB
HugePages_Total:       0
HugePages_Free:        0
HugePages_Rsvd:        0
HugePages_Surp:        0
Hugepagesize:       2048 kB
DirectMap4k:      250496 kB
DirectMap2M:     7907328 kB


CPU:total 4 (2 cores per cpu, 2 threads per core) family 6 model 42 stepping 7, cmov, cx8, fxsr, mmx, sse, sse2, sse3, ssse3, sse4.1, sse4.2, popcnt, avx, aes, clmul, ht, tsc, tscinvbit

/proc/cpuinfo:
processor	: 0
vendor_id	: GenuineIntel
cpu family	: 6
model		: 42
model name	: Intel(R) Core(TM) i5-2520M CPU @ 2.50GHz
stepping	: 7
microcode	: 0x29
cpu MHz		: 2077.734
cache size	: 3072 KB
physical id	: 0
siblings	: 4
core id		: 0
cpu cores	: 2
apicid		: 0
initial apicid	: 0
fpu		: yes
fpu_exception	: yes
cpuid level	: 13
wp		: yes
flags		: fpu vme de pse tsc msr pae mce cx8 apic sep mtrr pge mca cmov pat pse36 clflush dts acpi mmx fxsr sse sse2 ss ht tm pbe syscall nx rdtscp lm constant_tsc arch_perfmon pebs bts nopl xtopology nonstop_tsc aperfmperf eagerfpu pni pclmulqdq dtes64 monitor ds_cpl vmx smx est tm2 ssse3 cx16 xtpr pdcm pcid sse4_1 sse4_2 x2apic popcnt tsc_deadline_timer aes xsave avx lahf_lm epb tpr_shadow vnmi flexpriority ept vpid xsaveopt dtherm ida arat pln pts
bugs		:
bogomips	: 4984.23
clflush size	: 64
cache_alignment	: 64
address sizes	: 36 bits physical, 48 bits virtual
power management:

processor	: 1
vendor_id	: GenuineIntel
cpu family	: 6
model		: 42
model name	: Intel(R) Core(TM) i5-2520M CPU @ 2.50GHz
stepping	: 7
microcode	: 0x29
cpu MHz		: 1662.500
cache size	: 3072 KB
physical id	: 0
siblings	: 4
core id		: 0
cpu cores	: 2
apicid		: 1
initial apicid	: 1
fpu		: yes
fpu_exception	: yes
cpuid level	: 13
wp		: yes
flags		: fpu vme de pse tsc msr pae mce cx8 apic sep mtrr pge mca cmov pat pse36 clflush dts acpi mmx fxsr sse sse2 ss ht tm pbe syscall nx rdtscp lm constant_tsc arch_perfmon pebs bts nopl xtopology nonstop_tsc aperfmperf eagerfpu pni pclmulqdq dtes64 monitor ds_cpl vmx smx est tm2 ssse3 cx16 xtpr pdcm pcid sse4_1 sse4_2 x2apic popcnt tsc_deadline_timer aes xsave avx lahf_lm epb tpr_shadow vnmi flexpriority ept vpid xsaveopt dtherm ida arat pln pts
bugs		:
bogomips	: 4984.23
clflush size	: 64
cache_alignment	: 64
address sizes	: 36 bits physical, 48 bits virtual
power management:

processor	: 2
vendor_id	: GenuineIntel
cpu family	: 6
model		: 42
model name	: Intel(R) Core(TM) i5-2520M CPU @ 2.50GHz
stepping	: 7
microcode	: 0x29
cpu MHz		: 1754.394
cache size	: 3072 KB
physical id	: 0
siblings	: 4
core id		: 1
cpu cores	: 2
apicid		: 2
initial apicid	: 2
fpu		: yes
fpu_exception	: yes
cpuid level	: 13
wp		: yes
flags		: fpu vme de pse tsc msr pae mce cx8 apic sep mtrr pge mca cmov pat pse36 clflush dts acpi mmx fxsr sse sse2 ss ht tm pbe syscall nx rdtscp lm constant_tsc arch_perfmon pebs bts nopl xtopology nonstop_tsc aperfmperf eagerfpu pni pclmulqdq dtes64 monitor ds_cpl vmx smx est tm2 ssse3 cx16 xtpr pdcm pcid sse4_1 sse4_2 x2apic popcnt tsc_deadline_timer aes xsave avx lahf_lm epb tpr_shadow vnmi flexpriority ept vpid xsaveopt dtherm ida arat pln pts
bugs		:
bogomips	: 4984.23
clflush size	: 64
cache_alignment	: 64
address sizes	: 36 bits physical, 48 bits virtual
power management:

processor	: 3
vendor_id	: GenuineIntel
cpu family	: 6
model		: 42
model name	: Intel(R) Core(TM) i5-2520M CPU @ 2.50GHz
stepping	: 7
microcode	: 0x29
cpu MHz		: 2999.902
cache size	: 3072 KB
physical id	: 0
siblings	: 4
core id		: 1
cpu cores	: 2
apicid		: 3
initial apicid	: 3
fpu		: yes
fpu_exception	: yes
cpuid level	: 13
wp		: yes
flags		: fpu vme de pse tsc msr pae mce cx8 apic sep mtrr pge mca cmov pat pse36 clflush dts acpi mmx fxsr sse sse2 ss ht tm pbe syscall nx rdtscp lm constant_tsc arch_perfmon pebs bts nopl xtopology nonstop_tsc aperfmperf eagerfpu pni pclmulqdq dtes64 monitor ds_cpl vmx smx est tm2 ssse3 cx16 xtpr pdcm pcid sse4_1 sse4_2 x2apic popcnt tsc_deadline_timer aes xsave avx lahf_lm epb tpr_shadow vnmi flexpriority ept vpid xsaveopt dtherm ida arat pln pts
bugs		:
bogomips	: 4984.23
clflush size	: 64
cache_alignment	: 64
address sizes	: 36 bits physical, 48 bits virtual
power management:



Memory: 4k page, physical 7945480k(51548k free), swap 0k(0k free)

vm_info: Java HotSpot(TM) 64-Bit Server VM (25.101-b13) for linux-amd64 JRE (1.8.0_101-b13), built on Jun 22 2016 02:59:44 by "java_re" with gcc 4.3.0 20080428 (Red Hat 4.3.0-8)

time: Sat May 27 11:28:11 2017
elapsed time: 2 seconds (0d 0h 0m 2s)

